#
# There is insufficient memory for the Java Runtime Environment to continue.
# Native memory allocation (malloc) failed to allocate 1199696 bytes for Chunk::new
# Possible reasons:
#   The system is out of physical RAM or swap space
#   The process is running with CompressedOops enabled, and the Java Heap may be blocking the growth of the native heap
# Possible solutions:
#   Reduce memory load on the system
#   Increase physical memory or swap space
#   Check if swap backing store is full
#   Decrease Java heap size (-Xmx/-Xms)
#   Decrease number of Java threads
#   Decrease Java thread stack sizes (-Xss)
#   Set larger code cache with -XX:ReservedCodeCacheSize=
#   JVM is running with Unscaled Compressed Oops mode in which the Java heap is
#     placed in the first 4GB address space. The Java Heap base address is the
#     maximum limit for the native heap growth. Please use -XX:HeapBaseMinAddress
#     to set the Java Heap base and to place the Java Heap above 4GB virtual address.
# This output file may be truncated or incomplete.
#
#  Out of Memory Error (./open/src/hotspot/share/memory/arena.cpp:197), pid=33136, tid=30548
#
# JRE version: Java(TM) SE Runtime Environment 18.9 (11.0.13+10) (build 11.0.13+10-LTS-370)
# Java VM: Java HotSpot(TM) 64-Bit Server VM 18.9 (11.0.13+10-LTS-370, mixed mode, tiered, compressed oops, g1 gc, windows-amd64)
# No core dump will be written. Minidumps are not enabled by default on client versions of Windows
#

---------------  S U M M A R Y ------------

Command Line: -agentlib:jdwp=transport=dt_socket,suspend=y,address=localhost:55788 -javaagent:D:\software\sts-4.13.0.RELEASE\configuration\org.eclipse.osgi\262\0\.cp\lib\javaagent-shaded.jar -Dfile.encoding=UTF-8 com.yash.RestWithAngularCrudApplication

Host: 11th Gen Intel(R) Core(TM) i5-1135G7 @ 2.40GHz, 8 cores, 7G,  Windows 10 , 64 bit Build 19041 (10.0.19041.1806)
Time: Sat Oct  1 21:09:27 2022 India Standard Time elapsed time: 117720.092852 seconds (1d 8h 42m 0s)

---------------  T H R E A D  ---------------

Current thread (0x0000021fbcaa4800):  JavaThread "C2 CompilerThread0" daemon [_thread_in_native, id=30548, stack(0x000000e3a3100000,0x000000e3a3200000)]


Current CompileTask:
C2:117720093 7813       4       org.eclipse.jdt.launching.internal.weaving.ClassfileTransformer$1::visitSource (125 bytes)

Stack: [0x000000e3a3100000,0x000000e3a3200000]
Native frames: (J=compiled Java code, j=interpreted, Vv=VM code, C=native code)
V  [jvm.dll+0x62870a]
V  [jvm.dll+0x761f2f]
V  [jvm.dll+0x7635d9]
V  [jvm.dll+0x763c63]
V  [jvm.dll+0x23d728]
V  [jvm.dll+0xb293c]
V  [jvm.dll+0xb2efc]
V  [jvm.dll+0x340872]
V  [jvm.dll+0x30e603]
V  [jvm.dll+0x30d94a]
V  [jvm.dll+0x1f8255]
V  [jvm.dll+0x1f743d]
V  [jvm.dll+0x177991]
V  [jvm.dll+0x206d84]
V  [jvm.dll+0x204ebb]
V  [jvm.dll+0x727e70]
V  [jvm.dll+0x720a54]
V  [jvm.dll+0x627606]
C  [ucrtbase.dll+0x21bb2]
C  [KERNEL32.dll+0x17034]
C  [ntdll.dll+0x52651]


---------------  P R O C E S S  ---------------

Threads class SMR info:
_java_thread_list=0x0000021fca657300, length=31, elements={
0x0000021fbca84800, 0x0000021fbca8d800, 0x0000021fbca9c000, 0x0000021fbcaa0000,
0x0000021fbcaa1800, 0x0000021fbcaa4800, 0x0000021fbd3fe800, 0x0000021fbd403800,
0x0000021fbd566800, 0x0000021fbd674000, 0x0000021fbd694000, 0x0000021fbd665000,
0x0000021fca728000, 0x0000021fbeb9e000, 0x0000021fbeb9f000, 0x0000021fbeb9a800,
0x0000021fbeb9a000, 0x0000021fbeba1800, 0x0000021fbeb9b800, 0x0000021fbeba2000,
0x0000021fbeb9c800, 0x0000021fbeba3000, 0x0000021fbeb9d000, 0x0000021fbeb9f800,
0x0000021fbeba3800, 0x0000021fbeba8000, 0x0000021fbeba4800, 0x0000021fbeba6000,
0x0000021fbeba7000, 0x0000021fca729000, 0x0000021fca729800
}

Java Threads: ( => current thread )
  0x0000021fbca84800 JavaThread "Reference Handler" daemon [_thread_blocked, id=24832, stack(0x000000e3a2c00000,0x000000e3a2d00000)]
  0x0000021fbca8d800 JavaThread "Finalizer" daemon [_thread_blocked, id=27992, stack(0x000000e3a2d00000,0x000000e3a2e00000)]
  0x0000021fbca9c000 JavaThread "Signal Dispatcher" daemon [_thread_blocked, id=29812, stack(0x000000e3a2e00000,0x000000e3a2f00000)]
  0x0000021fbcaa0000 JavaThread "Attach Listener" daemon [_thread_blocked, id=30820, stack(0x000000e3a2f00000,0x000000e3a3000000)]
  0x0000021fbcaa1800 JavaThread "Service Thread" daemon [_thread_blocked, id=33008, stack(0x000000e3a3000000,0x000000e3a3100000)]
=>0x0000021fbcaa4800 JavaThread "C2 CompilerThread0" daemon [_thread_in_native, id=30548, stack(0x000000e3a3100000,0x000000e3a3200000)]
  0x0000021fbd3fe800 JavaThread "C1 CompilerThread0" daemon [_thread_blocked, id=25488, stack(0x000000e3a3200000,0x000000e3a3300000)]
  0x0000021fbd403800 JavaThread "Sweeper thread" daemon [_thread_blocked, id=27884, stack(0x000000e3a3300000,0x000000e3a3400000)]
  0x0000021fbd566800 JavaThread "Common-Cleaner" daemon [_thread_blocked, id=29496, stack(0x000000e3a3400000,0x000000e3a3500000)]
  0x0000021fbd674000 JavaThread "JDWP Transport Listener: dt_socket" daemon [_thread_blocked, id=27160, stack(0x000000e3a3600000,0x000000e3a3700000)]
  0x0000021fbd694000 JavaThread "JDWP Event Helper Thread" daemon [_thread_blocked, id=13956, stack(0x000000e3a3700000,0x000000e3a3800000)]
  0x0000021fbd665000 JavaThread "JDWP Command Reader" daemon [_thread_in_native, id=2148, stack(0x000000e3a3800000,0x000000e3a3900000)]
  0x0000021fca728000 JavaThread "mysql-cj-abandoned-connection-cleanup" daemon [_thread_blocked, id=25848, stack(0x000000e3a4800000,0x000000e3a4900000)]
  0x0000021fbeb9e000 JavaThread "DestroyJavaVM" [_thread_blocked, id=8360, stack(0x000000e3a2500000,0x000000e3a2600000)]
  0x0000021fbeb9f000 JavaThread "Catalina-utility-1" [_thread_blocked, id=32876, stack(0x000000e3a3a00000,0x000000e3a3b00000)]
  0x0000021fbeb9a800 JavaThread "Catalina-utility-2" [_thread_blocked, id=23876, stack(0x000000e3a3c00000,0x000000e3a3d00000)]
  0x0000021fbeb9a000 JavaThread "container-0" [_thread_blocked, id=29304, stack(0x000000e3a3d00000,0x000000e3a3e00000)]
  0x0000021fbeba1800 JavaThread "HikariPool-2 housekeeper" daemon [_thread_blocked, id=16660, stack(0x000000e3a4200000,0x000000e3a4300000)]
  0x0000021fbeb9b800 JavaThread "File Watcher" daemon [_thread_blocked, id=17732, stack(0x000000e3a4700000,0x000000e3a4800000)]
  0x0000021fbeba2000 JavaThread "http-nio-8080-exec-1" daemon [_thread_blocked, id=14952, stack(0x000000e3a4900000,0x000000e3a4a00000)]
  0x0000021fbeb9c800 JavaThread "http-nio-8080-exec-2" daemon [_thread_blocked, id=29952, stack(0x000000e3a4a00000,0x000000e3a4b00000)]
  0x0000021fbeba3000 JavaThread "http-nio-8080-exec-3" daemon [_thread_blocked, id=28616, stack(0x000000e3a4b00000,0x000000e3a4c00000)]
  0x0000021fbeb9d000 JavaThread "http-nio-8080-exec-4" daemon [_thread_blocked, id=32844, stack(0x000000e3a4c00000,0x000000e3a4d00000)]
  0x0000021fbeb9f800 JavaThread "http-nio-8080-exec-5" daemon [_thread_blocked, id=23164, stack(0x000000e3a4d00000,0x000000e3a4e00000)]
  0x0000021fbeba3800 JavaThread "http-nio-8080-exec-6" daemon [_thread_blocked, id=14164, stack(0x000000e3a4e00000,0x000000e3a4f00000)]
  0x0000021fbeba8000 JavaThread "http-nio-8080-exec-7" daemon [_thread_blocked, id=17996, stack(0x000000e3a4f00000,0x000000e3a5000000)]
  0x0000021fbeba4800 JavaThread "http-nio-8080-exec-8" daemon [_thread_blocked, id=7192, stack(0x000000e3a5000000,0x000000e3a5100000)]
  0x0000021fbeba6000 JavaThread "http-nio-8080-exec-9" daemon [_thread_blocked, id=9264, stack(0x000000e3a5100000,0x000000e3a5200000)]
  0x0000021fbeba7000 JavaThread "http-nio-8080-exec-10" daemon [_thread_blocked, id=15644, stack(0x000000e3a5200000,0x000000e3a5300000)]
  0x0000021fca729000 JavaThread "http-nio-8080-Poller" daemon [_thread_in_native, id=32824, stack(0x000000e3a5300000,0x000000e3a5400000)]
  0x0000021fca729800 JavaThread "http-nio-8080-Acceptor" daemon [_thread_in_native, id=14680, stack(0x000000e3a5400000,0x000000e3a5500000)]

Other Threads:
  0x0000021fbca61000 VMThread "VM Thread" [stack: 0x000000e3a2b00000,0x000000e3a2c00000] [id=2472]
  0x0000021fbda27000 WatcherThread [stack: 0x000000e3a3900000,0x000000e3a3a00000] [id=33692]
  0x0000021f9ed6b000 GCTaskThread "GC Thread#0" [stack: 0x000000e3a2600000,0x000000e3a2700000] [id=24144]
  0x0000021fbe683000 GCTaskThread "GC Thread#1" [stack: 0x000000e3a3b00000,0x000000e3a3c00000] [id=33616]
  0x0000021fbe85e800 GCTaskThread "GC Thread#2" [stack: 0x000000e3a3e00000,0x000000e3a3f00000] [id=2152]
  0x0000021fbe994800 GCTaskThread "GC Thread#3" [stack: 0x000000e3a3f00000,0x000000e3a4000000] [id=26812]
  0x0000021fbe995000 GCTaskThread "GC Thread#4" [stack: 0x000000e3a4000000,0x000000e3a4100000] [id=28944]
  0x0000021fbe974800 GCTaskThread "GC Thread#5" [stack: 0x000000e3a4100000,0x000000e3a4200000] [id=32240]
  0x0000021fbecaf800 GCTaskThread "GC Thread#6" [stack: 0x000000e3a4300000,0x000000e3a4400000] [id=25040]
  0x0000021fc2fcc000 GCTaskThread "GC Thread#7" [stack: 0x000000e3a4400000,0x000000e3a4500000] [id=19024]
  0x0000021f9ed9e000 ConcurrentGCThread "G1 Main Marker" [stack: 0x000000e3a2700000,0x000000e3a2800000] [id=33388]
  0x0000021f9eda0800 ConcurrentGCThread "G1 Conc#0" [stack: 0x000000e3a2800000,0x000000e3a2900000] [id=27556]
  0x0000021fc1d0b800 ConcurrentGCThread "G1 Conc#1" [stack: 0x000000e3a4500000,0x000000e3a4600000] [id=33088]
  0x0000021f9ee2d800 ConcurrentGCThread "G1 Refine#0" [stack: 0x000000e3a2900000,0x000000e3a2a00000] [id=13564]
  0x0000021f9ee2e800 ConcurrentGCThread "G1 Young RemSet Sampling" [stack: 0x000000e3a2a00000,0x000000e3a2b00000] [id=4080]

Threads with active compile tasks:
C2 CompilerThread0117720189 7813       4       org.eclipse.jdt.launching.internal.weaving.ClassfileTransformer$1::visitSource (125 bytes)

VM state:not at safepoint (normal execution)

VM Mutex/Monitor currently owned by a thread: None

Heap address: 0x0000000084600000, size: 1978 MB, Compressed Oops mode: 32-bit
Narrow klass base: 0x0000000000000000, Narrow klass shift: 3
Compressed class space size: 1073741824 Address: 0x0000000100000000

Heap:
 garbage-first heap   total 78848K, used 42160K [0x0000000084600000, 0x0000000100000000)
  region size 1024K, 17 young (17408K), 2 survivors (2048K)
 Metaspace       used 74084K, capacity 75963K, committed 76208K, reserved 1116160K
  class space    used 9122K, capacity 9821K, committed 9984K, reserved 1048576K
Heap Regions: E=young(eden), S=young(survivor), O=old, HS=humongous(starts), HC=humongous(continues), CS=collection set, F=free, A=archive, TAMS=top-at-mark-start (previous, next)
|   0|0x0000000084600000, 0x0000000084700000, 0x0000000084700000|100%|HS|  |TAMS 0x0000000084600000, 0x0000000084600000| Untracked 
|   1|0x0000000084700000, 0x00000000847fffe8, 0x0000000084800000| 99%| O|  |TAMS 0x0000000084700000, 0x0000000084700000| Untracked 
|   2|0x0000000084800000, 0x00000000848fffb0, 0x0000000084900000| 99%| O|  |TAMS 0x0000000084800000, 0x0000000084800000| Untracked 
|   3|0x0000000084900000, 0x00000000849fff98, 0x0000000084a00000| 99%| O|  |TAMS 0x0000000084900000, 0x0000000084900000| Untracked 
|   4|0x0000000084a00000, 0x0000000084affda0, 0x0000000084b00000| 99%| O|  |TAMS 0x0000000084a00000, 0x0000000084a00000| Untracked 
|   5|0x0000000084b00000, 0x0000000084bffff8, 0x0000000084c00000| 99%| O|  |TAMS 0x0000000084b00000, 0x0000000084b00000| Untracked 
|   6|0x0000000084c00000, 0x0000000084cffff0, 0x0000000084d00000| 99%| O|  |TAMS 0x0000000084c00000, 0x0000000084c00000| Untracked 
|   7|0x0000000084d00000, 0x0000000084dffff8, 0x0000000084e00000| 99%| O|  |TAMS 0x0000000084d00000, 0x0000000084d00000| Untracked 
|   8|0x0000000084e00000, 0x0000000084eb3870, 0x0000000084f00000| 70%| O|  |TAMS 0x0000000084e00000, 0x0000000084e00000| Untracked 
|   9|0x0000000084f00000, 0x0000000084fffff0, 0x0000000085000000| 99%| O|  |TAMS 0x0000000084f00000, 0x0000000084f00000| Untracked 
|  10|0x0000000085000000, 0x00000000850ffdf0, 0x0000000085100000| 99%| O|  |TAMS 0x0000000085000000, 0x0000000085000000| Untracked 
|  11|0x0000000085100000, 0x00000000851ffff0, 0x0000000085200000| 99%| O|  |TAMS 0x0000000085100000, 0x0000000085100000| Untracked 
|  12|0x0000000085200000, 0x00000000852fffb8, 0x0000000085300000| 99%| O|  |TAMS 0x0000000085200000, 0x0000000085200000| Untracked 
|  13|0x0000000085300000, 0x0000000085400000, 0x0000000085400000|100%| O|  |TAMS 0x0000000085300000, 0x0000000085300000| Untracked 
|  14|0x0000000085400000, 0x00000000854ffff0, 0x0000000085500000| 99%| O|  |TAMS 0x0000000085400000, 0x0000000085400000| Untracked 
|  15|0x0000000085500000, 0x00000000855fffd0, 0x0000000085600000| 99%| O|  |TAMS 0x0000000085500000, 0x0000000085500000| Untracked 
|  16|0x0000000085600000, 0x00000000856e7110, 0x0000000085700000| 90%| O|  |TAMS 0x0000000085600000, 0x0000000085600000| Untracked 
|  17|0x0000000085700000, 0x00000000857fdf20, 0x0000000085800000| 99%| O|  |TAMS 0x0000000085700000, 0x0000000085700000| Untracked 
|  18|0x0000000085800000, 0x0000000085827e08, 0x0000000085900000| 15%| O|  |TAMS 0x0000000085800000, 0x0000000085800000| Untracked 
|  19|0x0000000085900000, 0x00000000859b9bf8, 0x0000000085a00000| 72%| O|  |TAMS 0x0000000085900000, 0x0000000085900000| Untracked 
|  20|0x0000000085a00000, 0x0000000085afffe8, 0x0000000085b00000| 99%| O|  |TAMS 0x0000000085a00000, 0x0000000085a00000| Untracked 
|  21|0x0000000085b00000, 0x0000000085b08890, 0x0000000085c00000|  3%| O|  |TAMS 0x0000000085b00000, 0x0000000085b00000| Untracked 
|  22|0x0000000085c00000, 0x0000000085d00000, 0x0000000085d00000|100%| O|  |TAMS 0x0000000085c00000, 0x0000000085c00000| Untracked 
|  23|0x0000000085d00000, 0x0000000085d017c0, 0x0000000085e00000|  0%| O|  |TAMS 0x0000000085d00000, 0x0000000085d00000| Untracked 
|  24|0x0000000085e00000, 0x0000000085f00000, 0x0000000085f00000|100%| O|  |TAMS 0x0000000085e00000, 0x0000000085e00000| Untracked 
|  25|0x0000000085f00000, 0x0000000086000000, 0x0000000086000000|100%| O|  |TAMS 0x0000000085f00000, 0x0000000085f00000| Untracked 
|  26|0x0000000086000000, 0x0000000086100000, 0x0000000086100000|100%| O|  |TAMS 0x0000000086000000, 0x0000000086000000| Untracked 
|  27|0x0000000086100000, 0x0000000086200000, 0x0000000086200000|100%| O|  |TAMS 0x0000000086100000, 0x0000000086100000| Untracked 
|  28|0x0000000086200000, 0x0000000086300000, 0x0000000086300000|100%| O|  |TAMS 0x0000000086200000, 0x0000000086200000| Untracked 
|  29|0x0000000086300000, 0x0000000086347c00, 0x0000000086400000| 28%| O|  |TAMS 0x0000000086300000, 0x0000000086300000| Untracked 
|  30|0x0000000086400000, 0x0000000086400000, 0x0000000086500000|  0%| F|  |TAMS 0x0000000086400000, 0x0000000086400000| Untracked 
|  31|0x0000000086500000, 0x0000000086500000, 0x0000000086600000|  0%| F|  |TAMS 0x0000000086500000, 0x0000000086500000| Untracked 
|  32|0x0000000086600000, 0x0000000086600000, 0x0000000086700000|  0%| F|  |TAMS 0x0000000086600000, 0x0000000086600000| Untracked 
|  33|0x0000000086700000, 0x0000000086700000, 0x0000000086800000|  0%| F|  |TAMS 0x0000000086700000, 0x0000000086700000| Untracked 
|  34|0x0000000086800000, 0x0000000086800000, 0x0000000086900000|  0%| F|  |TAMS 0x0000000086800000, 0x0000000086800000| Untracked 
|  35|0x0000000086900000, 0x0000000086900000, 0x0000000086a00000|  0%| F|  |TAMS 0x0000000086900000, 0x0000000086900000| Untracked 
|  36|0x0000000086a00000, 0x0000000086a00000, 0x0000000086b00000|  0%| F|  |TAMS 0x0000000086a00000, 0x0000000086a00000| Untracked 
|  37|0x0000000086b00000, 0x0000000086b00000, 0x0000000086c00000|  0%| F|  |TAMS 0x0000000086b00000, 0x0000000086b00000| Untracked 
|  38|0x0000000086c00000, 0x0000000086c00000, 0x0000000086d00000|  0%| F|  |TAMS 0x0000000086c00000, 0x0000000086c00000| Untracked 
|  39|0x0000000086d00000, 0x0000000086d00000, 0x0000000086e00000|  0%| F|  |TAMS 0x0000000086d00000, 0x0000000086d00000| Untracked 
|  40|0x0000000086e00000, 0x0000000086e00000, 0x0000000086f00000|  0%| F|  |TAMS 0x0000000086e00000, 0x0000000086e00000| Untracked 
|  41|0x0000000086f00000, 0x0000000086f00000, 0x0000000087000000|  0%| F|  |TAMS 0x0000000086f00000, 0x0000000086f00000| Untracked 
|  42|0x0000000087000000, 0x0000000087060a28, 0x0000000087100000| 37%| S|CS|TAMS 0x0000000087000000, 0x0000000087000000| Complete 
|  43|0x0000000087100000, 0x0000000087100000, 0x0000000087200000|  0%| F|  |TAMS 0x0000000087100000, 0x0000000087100000| Untracked 
|  44|0x0000000087200000, 0x0000000087300000, 0x0000000087300000|100%| S|CS|TAMS 0x0000000087200000, 0x0000000087200000| Complete 
|  45|0x0000000087300000, 0x0000000087300000, 0x0000000087400000|  0%| F|  |TAMS 0x0000000087300000, 0x0000000087300000| Untracked 
|  46|0x0000000087400000, 0x0000000087400000, 0x0000000087500000|  0%| F|  |TAMS 0x0000000087400000, 0x0000000087400000| Untracked 
|  47|0x0000000087500000, 0x0000000087500000, 0x0000000087600000|  0%| F|  |TAMS 0x0000000087500000, 0x0000000087500000| Untracked 
|  48|0x0000000087600000, 0x0000000087600000, 0x0000000087700000|  0%| F|  |TAMS 0x0000000087600000, 0x0000000087600000| Untracked 
|  49|0x0000000087700000, 0x0000000087700000, 0x0000000087800000|  0%| F|  |TAMS 0x0000000087700000, 0x0000000087700000| Untracked 
|  50|0x0000000087800000, 0x0000000087800000, 0x0000000087900000|  0%| F|  |TAMS 0x0000000087800000, 0x0000000087800000| Untracked 
|  51|0x0000000087900000, 0x0000000087900000, 0x0000000087a00000|  0%| F|  |TAMS 0x0000000087900000, 0x0000000087900000| Untracked 
|  52|0x0000000087a00000, 0x0000000087a00000, 0x0000000087b00000|  0%| F|  |TAMS 0x0000000087a00000, 0x0000000087a00000| Untracked 
|  53|0x0000000087b00000, 0x0000000087b00000, 0x0000000087c00000|  0%| F|  |TAMS 0x0000000087b00000, 0x0000000087b00000| Untracked 
|  54|0x0000000087c00000, 0x0000000087c00000, 0x0000000087d00000|  0%| F|  |TAMS 0x0000000087c00000, 0x0000000087c00000| Untracked 
|  55|0x0000000087d00000, 0x0000000087d00000, 0x0000000087e00000|  0%| F|  |TAMS 0x0000000087d00000, 0x0000000087d00000| Untracked 
|  56|0x0000000087e00000, 0x0000000087e00000, 0x0000000087f00000|  0%| F|  |TAMS 0x0000000087e00000, 0x0000000087e00000| Untracked 
|  57|0x0000000087f00000, 0x0000000087f00000, 0x0000000088000000|  0%| F|  |TAMS 0x0000000087f00000, 0x0000000087f00000| Untracked 
|  58|0x0000000088000000, 0x0000000088000000, 0x0000000088100000|  0%| F|  |TAMS 0x0000000088000000, 0x0000000088000000| Untracked 
|  59|0x0000000088100000, 0x0000000088100000, 0x0000000088200000|  0%| F|  |TAMS 0x0000000088100000, 0x0000000088100000| Untracked 
|  60|0x0000000088200000, 0x0000000088200000, 0x0000000088300000|  0%| F|  |TAMS 0x0000000088200000, 0x0000000088200000| Untracked 
|  61|0x0000000088300000, 0x0000000088300000, 0x0000000088400000|  0%| F|  |TAMS 0x0000000088300000, 0x0000000088300000| Untracked 
|  62|0x0000000088400000, 0x00000000884484f0, 0x0000000088500000| 28%| E|  |TAMS 0x0000000088400000, 0x0000000088400000| Complete 
|  63|0x0000000088500000, 0x0000000088600000, 0x0000000088600000|100%| E|CS|TAMS 0x0000000088500000, 0x0000000088500000| Complete 
|  64|0x0000000088600000, 0x0000000088700000, 0x0000000088700000|100%| E|CS|TAMS 0x0000000088600000, 0x0000000088600000| Complete 
|  65|0x0000000088700000, 0x0000000088800000, 0x0000000088800000|100%| E|CS|TAMS 0x0000000088700000, 0x0000000088700000| Complete 
|  66|0x0000000088800000, 0x0000000088900000, 0x0000000088900000|100%| E|CS|TAMS 0x0000000088800000, 0x0000000088800000| Complete 
|  67|0x0000000088900000, 0x0000000088a00000, 0x0000000088a00000|100%| E|CS|TAMS 0x0000000088900000, 0x0000000088900000| Complete 
|  68|0x0000000088a00000, 0x0000000088b00000, 0x0000000088b00000|100%| E|CS|TAMS 0x0000000088a00000, 0x0000000088a00000| Complete 
|  69|0x0000000088b00000, 0x0000000088c00000, 0x0000000088c00000|100%| E|CS|TAMS 0x0000000088b00000, 0x0000000088b00000| Complete 
|  70|0x0000000088c00000, 0x0000000088d00000, 0x0000000088d00000|100%| E|CS|TAMS 0x0000000088c00000, 0x0000000088c00000| Complete 
|  71|0x0000000088d00000, 0x0000000088e00000, 0x0000000088e00000|100%| E|CS|TAMS 0x0000000088d00000, 0x0000000088d00000| Complete 
|  72|0x0000000088e00000, 0x0000000088f00000, 0x0000000088f00000|100%| E|CS|TAMS 0x0000000088e00000, 0x0000000088e00000| Complete 
|  73|0x0000000088f00000, 0x0000000089000000, 0x0000000089000000|100%| E|CS|TAMS 0x0000000088f00000, 0x0000000088f00000| Complete 
|  74|0x0000000089000000, 0x0000000089100000, 0x0000000089100000|100%| E|CS|TAMS 0x0000000089000000, 0x0000000089000000| Complete 
|  75|0x0000000089100000, 0x0000000089200000, 0x0000000089200000|100%| E|CS|TAMS 0x0000000089100000, 0x0000000089100000| Complete 
|  76|0x0000000089200000, 0x0000000089300000, 0x0000000089300000|100%| E|CS|TAMS 0x0000000089200000, 0x0000000089200000| Complete 

Card table byte_map: [0x0000021fb5a90000,0x0000021fb5e70000] _byte_map_base: 0x0000021fb566d000

Marking Bits (Prev, Next): (CMBitMap*) 0x0000021f9ed958d0, (CMBitMap*) 0x0000021f9ed95898
 Prev Bits: [0x0000021fb8140000, 0x0000021fba028000)
 Next Bits: [0x0000021fb6250000, 0x0000021fb8138000)

Polling page: 0x0000021f9ca20000

Metaspace:

Usage:
  Non-class:     64.59 MB capacity,    63.44 MB ( 98%) used,   953.21 KB (  1%) free+waste,   227.50 KB ( <1%) overhead. 
      Class:      9.59 MB capacity,     8.91 MB ( 93%) used,   593.92 KB (  6%) free+waste,   104.13 KB (  1%) overhead. 
       Both:     74.18 MB capacity,    72.35 MB ( 98%) used,     1.51 MB (  2%) free+waste,   331.63 KB ( <1%) overhead. 

Virtual space:
  Non-class space:       66.00 MB reserved,      64.67 MB ( 98%) committed 
      Class space:        1.00 GB reserved,       9.75 MB ( <1%) committed 
             Both:        1.06 GB reserved,      74.42 MB (  7%) committed 

Chunk freelists:
   Non-Class:  2.25 KB
       Class:  8.38 KB
        Both:  10.63 KB

CodeHeap 'non-profiled nmethods': size=120000Kb used=8484Kb max_used=8484Kb free=111515Kb
 bounds [0x0000021fade50000, 0x0000021fae6a0000, 0x0000021fb5380000]
CodeHeap 'profiled nmethods': size=120000Kb used=18047Kb max_used=18047Kb free=101952Kb
 bounds [0x0000021fa6920000, 0x0000021fa7ad0000, 0x0000021fade50000]
CodeHeap 'non-nmethods': size=5760Kb used=1335Kb max_used=1471Kb free=4425Kb
 bounds [0x0000021fa6380000, 0x0000021fa65f0000, 0x0000021fa6920000]
 total_blobs=8236 nmethods=7616 adapters=539
 compilation: enabled
              stopped_count=0, restarted_count=0
 full_count=0

Compilation events (10 events):
Event: 117719.873 Thread 0x0000021fbcaa4800 nmethod 7812 0x0000021fae698f90 code [0x0000021fae699100, 0x0000021fae699158]
Event: 117719.928 Thread 0x0000021fbcaa4800 7813       4       org.eclipse.jdt.launching.internal.weaving.ClassfileTransformer$1::visitSource (125 bytes)
Event: 117719.972 Thread 0x0000021fbd3fe800 7814       3       org.apache.logging.log4j.message.ParameterizedMessageFactory::<init> (5 bytes)
Event: 117719.973 Thread 0x0000021fbd3fe800 nmethod 7814 0x0000021fa7abd690 code [0x0000021fa7abd840, 0x0000021fa7abd9f8]
Event: 117720.037 Thread 0x0000021fbd3fe800 7816       3       org.apache.logging.slf4j.SLF4JLogger::<init> (30 bytes)
Event: 117720.041 Thread 0x0000021fbd3fe800 nmethod 7816 0x0000021fa7abdb10 code [0x0000021fa7abdd60, 0x0000021fa7abe818]
Event: 117720.041 Thread 0x0000021fbd3fe800 7817       3       org.apache.logging.log4j.spi.AbstractLogger::<init> (9 bytes)
Event: 117720.042 Thread 0x0000021fbd3fe800 nmethod 7817 0x0000021fa7abeb10 code [0x0000021fa7abed20, 0x0000021fa7abf438]
Event: 117720.042 Thread 0x0000021fbd3fe800 7818       3       org.apache.logging.log4j.spi.LoggerRegistry::putIfAbsent (20 bytes)
Event: 117720.044 Thread 0x0000021fbd3fe800 nmethod 7818 0x0000021fa7abf690 code [0x0000021fa7abf880, 0x0000021fa7abfe48]

GC Heap History (10 events):
Event: 115548.940 GC heap before
{Heap before GC invocations=28 (full 1):
 garbage-first heap   total 78848K, used 56971K [0x0000000084600000, 0x0000000100000000)
  region size 1024K, 32 young (32768K), 3 survivors (3072K)
 Metaspace       used 71793K, capacity 73626K, committed 73904K, reserved 1114112K
  class space    used 8879K, capacity 9576K, committed 9728K, reserved 1048576K
}
Event: 115549.146 GC heap after
{Heap after GC invocations=29 (full 1):
 garbage-first heap   total 78848K, used 27344K [0x0000000084600000, 0x0000000100000000)
  region size 1024K, 1 young (1024K), 1 survivors (1024K)
 Metaspace       used 71793K, capacity 73626K, committed 73904K, reserved 1114112K
  class space    used 8879K, capacity 9576K, committed 9728K, reserved 1048576K
}
Event: 116363.923 GC heap before
{Heap before GC invocations=29 (full 1):
 garbage-first heap   total 78848K, used 60112K [0x0000000084600000, 0x0000000100000000)
  region size 1024K, 33 young (33792K), 1 survivors (1024K)
 Metaspace       used 71810K, capacity 73626K, committed 73904K, reserved 1114112K
  class space    used 8879K, capacity 9576K, committed 9728K, reserved 1048576K
}
Event: 116363.993 GC heap after
{Heap after GC invocations=30 (full 1):
 garbage-first heap   total 78848K, used 27291K [0x0000000084600000, 0x0000000100000000)
  region size 1024K, 1 young (1024K), 1 survivors (1024K)
 Metaspace       used 71810K, capacity 73626K, committed 73904K, reserved 1114112K
  class space    used 8879K, capacity 9576K, committed 9728K, reserved 1048576K
}
Event: 116899.937 GC heap before
{Heap before GC invocations=30 (full 1):
 garbage-first heap   total 78848K, used 61083K [0x0000000084600000, 0x0000000100000000)
  region size 1024K, 34 young (34816K), 1 survivors (1024K)
 Metaspace       used 71835K, capacity 73690K, committed 73904K, reserved 1114112K
  class space    used 8879K, capacity 9576K, committed 9728K, reserved 1048576K
}
Event: 116900.041 GC heap after
{Heap after GC invocations=31 (full 1):
 garbage-first heap   total 78848K, used 27381K [0x0000000084600000, 0x0000000100000000)
  region size 1024K, 1 young (1024K), 1 survivors (1024K)
 Metaspace       used 71835K, capacity 73690K, committed 73904K, reserved 1114112K
  class space    used 8879K, capacity 9576K, committed 9728K, reserved 1048576K
}
Event: 117553.343 GC heap before
{Heap before GC invocations=31 (full 1):
 garbage-first heap   total 78848K, used 60149K [0x0000000084600000, 0x0000000100000000)
  region size 1024K, 34 young (34816K), 1 survivors (1024K)
 Metaspace       used 71949K, capacity 73821K, committed 74160K, reserved 1114112K
  class space    used 8889K, capacity 9577K, committed 9728K, reserved 1048576K
}
Event: 117553.407 GC heap after
{Heap after GC invocations=32 (full 1):
 garbage-first heap   total 78848K, used 27439K [0x0000000084600000, 0x0000000100000000)
  region size 1024K, 2 young (2048K), 2 survivors (2048K)
 Metaspace       used 71949K, capacity 73821K, committed 74160K, reserved 1114112K
  class space    used 8889K, capacity 9577K, committed 9728K, reserved 1048576K
}
Event: 117554.341 GC heap before
{Heap before GC invocations=32 (full 1):
 garbage-first heap   total 78848K, used 59183K [0x0000000084600000, 0x0000000100000000)
  region size 1024K, 34 young (34816K), 2 survivors (2048K)
 Metaspace       used 73213K, capacity 75040K, committed 75312K, reserved 1114112K
  class space    used 9022K, capacity 9705K, committed 9856K, reserved 1048576K
}
Event: 117554.348 GC heap after
{Heap after GC invocations=33 (full 1):
 garbage-first heap   total 78848K, used 27824K [0x0000000084600000, 0x0000000100000000)
  region size 1024K, 2 young (2048K), 2 survivors (2048K)
 Metaspace       used 73213K, capacity 75040K, committed 75312K, reserved 1114112K
  class space    used 9022K, capacity 9705K, committed 9856K, reserved 1048576K
}

Deoptimization events (10 events):
Event: 117554.745 Thread 0x0000021fbeba3000 Uncommon trap: reason=unhandled action=none pc=0x0000021fae1932f0 method=jdk.internal.loader.BuiltinClassLoader.loadClass(Ljava/lang/String;Z)Ljava/lang/Class; @ 19 c2
Event: 117719.827 Thread 0x0000021fbeba4800 Uncommon trap: reason=unhandled action=none pc=0x0000021fae1932f0 method=jdk.internal.loader.BuiltinClassLoader.loadClass(Ljava/lang/String;Z)Ljava/lang/Class; @ 19 c2
Event: 117719.864 Thread 0x0000021fbeba4800 Uncommon trap: reason=unhandled action=none pc=0x0000021fae1932f0 method=jdk.internal.loader.BuiltinClassLoader.loadClass(Ljava/lang/String;Z)Ljava/lang/Class; @ 19 c2
Event: 117719.865 Thread 0x0000021fbeba4800 Uncommon trap: reason=unhandled action=none pc=0x0000021fae1932f0 method=jdk.internal.loader.BuiltinClassLoader.loadClass(Ljava/lang/String;Z)Ljava/lang/Class; @ 19 c2
Event: 117719.969 Thread 0x0000021fbeba4800 Uncommon trap: reason=unhandled action=none pc=0x0000021fae1932f0 method=jdk.internal.loader.BuiltinClassLoader.loadClass(Ljava/lang/String;Z)Ljava/lang/Class; @ 19 c2
Event: 117719.971 Thread 0x0000021fbeba4800 Uncommon trap: reason=unhandled action=none pc=0x0000021fae1932f0 method=jdk.internal.loader.BuiltinClassLoader.loadClass(Ljava/lang/String;Z)Ljava/lang/Class; @ 19 c2
Event: 117720.036 Thread 0x0000021fbeba4800 Uncommon trap: reason=unhandled action=none pc=0x0000021fae1932f0 method=jdk.internal.loader.BuiltinClassLoader.loadClass(Ljava/lang/String;Z)Ljava/lang/Class; @ 19 c2
Event: 117720.037 Thread 0x0000021fbeba4800 Uncommon trap: reason=unhandled action=none pc=0x0000021fae1932f0 method=jdk.internal.loader.BuiltinClassLoader.loadClass(Ljava/lang/String;Z)Ljava/lang/Class; @ 19 c2
Event: 117720.038 Thread 0x0000021fbeba4800 Uncommon trap: reason=unhandled action=none pc=0x0000021fae1932f0 method=jdk.internal.loader.BuiltinClassLoader.loadClass(Ljava/lang/String;Z)Ljava/lang/Class; @ 19 c2
Event: 117720.038 Thread 0x0000021fbeba4800 Uncommon trap: reason=unhandled action=none pc=0x0000021fae1932f0 method=jdk.internal.loader.BuiltinClassLoader.loadClass(Ljava/lang/String;Z)Ljava/lang/Class; @ 19 c2

Classes redefined (0 events):
No events

Internal exceptions (10 events):
Event: 9017.982 Thread 0x0000021fbeb99000 Exception <a 'java/net/BindException'{0x0000000087cfcf60}: Address already in use: NET_Bind> (0x0000000087cfcf60) thrown at [./open/src/hotspot/share/prims/jni.cpp, line 632]
Event: 114581.090 Thread 0x0000021fca72a800 Exception <a 'java/net/SocketException'{0x0000000088c99660}: Software caused connection abort: socket write error> (0x0000000088c99660) thrown at [./open/src/hotspot/share/prims/jni.cpp, line 632]
Event: 114581.134 Thread 0x0000021fca72a800 Exception <a 'java/net/SocketException'{0x0000000088c99c80}: Software caused connection abort: recv failed> (0x0000000088c99c80) thrown at [./open/src/hotspot/share/prims/jni.cpp, line 632]
Event: 114581.221 Thread 0x0000021fca72a800 Exception <a 'java/net/SocketException'{0x0000000088c9b620}: Software caused connection abort: socket write error> (0x0000000088c9b620) thrown at [./open/src/hotspot/share/prims/jni.cpp, line 632]
Event: 114581.284 Thread 0x0000021fca72a800 Exception <a 'java/net/SocketException'{0x0000000088c9bc40}: Software caused connection abort: recv failed> (0x0000000088c9bc40) thrown at [./open/src/hotspot/share/prims/jni.cpp, line 632]
Event: 116341.668 Thread 0x0000021fbeb99000 Exception <a 'java/net/SocketException'{0x000000008813b3d8}: Software caused connection abort: recv failed> (0x000000008813b3d8) thrown at [./open/src/hotspot/share/prims/jni.cpp, line 632]
Event: 116381.162 Thread 0x0000021fbeb99000 Exception <a 'java/net/SocketException'{0x000000008874b548}: Software caused connection abort: recv failed> (0x000000008874b548) thrown at [./open/src/hotspot/share/prims/jni.cpp, line 632]
Event: 117554.773 Thread 0x0000021fbeba3000 Exception <a 'java/lang/NoSuchMethodError'{0x0000000088c5f5d0}: java.lang.invoke.DirectMethodHandle$Holder.invokeStaticInit(Ljava/lang/Object;Ljava/lang/Object;Ljava/lang/Object;Ljava/lang/Object;Ljava/lang/Object;Ljava/lang/Object;)Ljava/lang/Object;> (0
Event: 117719.841 Thread 0x0000021fbeba4800 Exception <a 'java/lang/ClassNotFoundException'{0x000000008851ea28}: java/lang/ObjectCustomizer> (0x000000008851ea28) thrown at [./open/src/hotspot/share/classfile/systemDictionary.cpp, line 227]
Event: 117719.866 Thread 0x0000021fbeba4800 Exception <a 'java/lang/ClassNotFoundException'{0x0000000088534a60}: com/yash/model/StudentFormCustomizer> (0x0000000088534a60) thrown at [./open/src/hotspot/share/classfile/systemDictionary.cpp, line 227]

Events (10 events):
Event: 117720.038 Thread 0x0000021fbeba4800 DEOPT UNPACKING pc=0x0000021fa63bc70e sp=0x000000e3a50fa360 mode 1
Event: 117720.038 loading class org/hibernate/internal/CoreMessageLogger_$logger_en
Event: 117720.038 loading class org/hibernate/internal/CoreMessageLogger_$logger_en done
Event: 117720.038 Thread 0x0000021fbeba4800 Uncommon trap: trap_request=0xffffff9f fr.pc=0x0000021fae1932f0 relative=0x0000000000000130
Event: 117720.038 Thread 0x0000021fbeba4800 DEOPT PACKING pc=0x0000021fae1932f0 sp=0x000000e3a50fa410
Event: 117720.038 Thread 0x0000021fbeba4800 DEOPT UNPACKING pc=0x0000021fa63883af sp=0x000000e3a50fa330 mode 2
Event: 117720.038 Thread 0x0000021fbeba4800 DEOPT PACKING pc=0x0000021fae1b3cc8 sp=0x000000e3a50fa460
Event: 117720.038 Thread 0x0000021fbeba4800 DEOPT UNPACKING pc=0x0000021fa63bc70e sp=0x000000e3a50f98f8 mode 1
Event: 117720.038 Thread 0x0000021fbeba4800 DEOPT PACKING pc=0x0000021fae4e9854 sp=0x000000e3a50faed0
Event: 117720.038 Thread 0x0000021fbeba4800 DEOPT UNPACKING pc=0x0000021fa63bc70e sp=0x000000e3a50fa360 mode 1


Dynamic libraries:
0x00007ff7bbc20000 - 0x00007ff7bbc2f000 	C:\Program Files\Java\jdk-11.0.13\bin\javaw.exe
0x00007ff9bc010000 - 0x00007ff9bc208000 	C:\Windows\SYSTEM32\ntdll.dll
0x00007ff9ba670000 - 0x00007ff9ba72d000 	C:\Windows\System32\KERNEL32.dll
0x00007ff9b93c0000 - 0x00007ff9b94df000 	C:\Windows\system32\hmpalert.dll
0x00007ff9b9d70000 - 0x00007ff9ba03e000 	C:\Windows\System32\KERNELBASE.dll
0x00007ff9b99c0000 - 0x00007ff9b9ac0000 	C:\Windows\System32\ucrtbase.dll
0x00007ff9b65b0000 - 0x00007ff9b65c8000 	C:\Program Files\Java\jdk-11.0.13\bin\jli.dll
0x00007ff9ba170000 - 0x00007ff9ba21e000 	C:\Windows\System32\ADVAPI32.dll
0x00007ff9ba350000 - 0x00007ff9ba3ee000 	C:\Windows\System32\msvcrt.dll
0x00007ff9ba420000 - 0x00007ff9ba4bc000 	C:\Windows\System32\sechost.dll
0x00007ff9ba220000 - 0x00007ff9ba345000 	C:\Windows\System32\RPCRT4.dll
0x00007ff9b64d0000 - 0x00007ff9b64e5000 	C:\Program Files\Java\jdk-11.0.13\bin\VCRUNTIME140.dll
0x00007ff9ba8f0000 - 0x00007ff9baa90000 	C:\Windows\System32\USER32.dll
0x00007ff9b9c90000 - 0x00007ff9b9cb2000 	C:\Windows\System32\win32u.dll
0x00007ff9ba640000 - 0x00007ff9ba66a000 	C:\Windows\System32\GDI32.dll
0x00007ff9b9730000 - 0x00007ff9b983b000 	C:\Windows\System32\gdi32full.dll
0x00007ff9b9840000 - 0x00007ff9b98dd000 	C:\Windows\System32\msvcp_win.dll
0x00007ff9ae2e0000 - 0x00007ff9ae2ea000 	C:\Windows\SYSTEM32\VERSION.dll
0x00007ff996460000 - 0x00007ff9966fa000 	C:\Windows\WinSxS\amd64_microsoft.windows.common-controls_6595b64144ccf1df_6.0.19041.1110_none_60b5254171f9507e\COMCTL32.dll
0x00007ff9ba3f0000 - 0x00007ff9ba420000 	C:\Windows\System32\IMM32.DLL
0x00007ff983f30000 - 0x00007ff983fcb000 	C:\Program Files\Java\jdk-11.0.13\bin\msvcp140.dll
0x00007ff929730000 - 0x00007ff92a243000 	C:\Program Files\Java\jdk-11.0.13\bin\server\jvm.dll
0x00007ff9ba8c0000 - 0x00007ff9ba8c8000 	C:\Windows\System32\PSAPI.DLL
0x00007ff99e880000 - 0x00007ff99e889000 	C:\Windows\SYSTEM32\WSOCK32.dll
0x00007ff9bac10000 - 0x00007ff9bac7b000 	C:\Windows\System32\WS2_32.dll
0x00007ff992920000 - 0x00007ff992947000 	C:\Windows\SYSTEM32\WINMM.dll
0x00007ff9b7eb0000 - 0x00007ff9b7ec2000 	C:\Windows\SYSTEM32\kernel.appcore.dll
0x00007ff9b64c0000 - 0x00007ff9b64d0000 	C:\Program Files\Java\jdk-11.0.13\bin\verify.dll
0x00007ff9b7c50000 - 0x00007ff9b7e34000 	C:\Windows\SYSTEM32\DBGHELP.DLL
0x00007ff9a33e0000 - 0x00007ff9a340c000 	C:\Windows\SYSTEM32\dbgcore.DLL
0x00007ff9b9930000 - 0x00007ff9b99b2000 	C:\Windows\System32\bcryptPrimitives.dll
0x00007ff98afe0000 - 0x00007ff98b008000 	C:\Program Files\Java\jdk-11.0.13\bin\java.dll
0x00007ff9b64b0000 - 0x00007ff9b64ba000 	C:\Program Files\Java\jdk-11.0.13\bin\jimage.dll
0x00007ff98ae70000 - 0x00007ff98aea8000 	C:\Program Files\Java\jdk-11.0.13\bin\jdwp.dll
0x00007ff9b6380000 - 0x00007ff9b638e000 	C:\Program Files\Java\jdk-11.0.13\bin\instrument.dll
0x00007ff9a1c00000 - 0x00007ff9a1c16000 	C:\Program Files\Java\jdk-11.0.13\bin\zip.dll
0x00007ff9bb120000 - 0x00007ff9bb864000 	C:\Windows\System32\SHELL32.dll
0x00007ff9b74b0000 - 0x00007ff9b7c44000 	C:\Windows\SYSTEM32\windows.storage.dll
0x00007ff9bac80000 - 0x00007ff9bafd4000 	C:\Windows\System32\combase.dll
0x00007ff9b8f90000 - 0x00007ff9b8fc0000 	C:\Windows\SYSTEM32\Wldp.dll
0x00007ff9bb070000 - 0x00007ff9bb11d000 	C:\Windows\System32\SHCORE.dll
0x00007ff9ba080000 - 0x00007ff9ba0d5000 	C:\Windows\System32\shlwapi.dll
0x00007ff9b9670000 - 0x00007ff9b968f000 	C:\Windows\SYSTEM32\profapi.dll
0x00007ff9a1450000 - 0x00007ff9a145a000 	C:\Program Files\Java\jdk-11.0.13\bin\dt_socket.dll
0x00007ff9b8d70000 - 0x00007ff9b8dda000 	C:\Windows\System32\mswsock.dll
0x00007ff9b8a80000 - 0x00007ff9b8b4b000 	C:\Windows\SYSTEM32\DNSAPI.dll
0x00007ff9b8a30000 - 0x00007ff9b8a6b000 	C:\Windows\SYSTEM32\IPHLPAPI.DLL
0x00007ff9ba070000 - 0x00007ff9ba078000 	C:\Windows\System32\NSI.dll
0x00007ff9b1850000 - 0x00007ff9b18d0000 	C:\Windows\System32\fwpuclnt.dll
0x00007ff9ba040000 - 0x00007ff9ba067000 	C:\Windows\System32\bcrypt.dll
0x00007ff9af0f0000 - 0x00007ff9af0fa000 	C:\Windows\System32\rasadhlp.dll
0x00007ff99f610000 - 0x00007ff99f629000 	C:\Program Files\Java\jdk-11.0.13\bin\net.dll
0x00007ff9b2340000 - 0x00007ff9b244a000 	C:\Windows\SYSTEM32\WINHTTP.dll
0x00007ff991850000 - 0x00007ff991862000 	C:\Program Files\Java\jdk-11.0.13\bin\nio.dll
0x00007ff9a1440000 - 0x00007ff9a1449000 	C:\Program Files\Java\jdk-11.0.13\bin\management.dll
0x00007ff9957e0000 - 0x00007ff9957eb000 	C:\Program Files\Java\jdk-11.0.13\bin\management_ext.dll
0x00007ff994800000 - 0x00007ff994817000 	C:\Windows\system32\napinsp.dll
0x00007ff9947e0000 - 0x00007ff9947fb000 	C:\Windows\system32\pnrpnsp.dll
0x00007ff9947c0000 - 0x00007ff9947d5000 	C:\Windows\system32\wshbth.dll
0x00007ff9b2300000 - 0x00007ff9b231d000 	C:\Windows\system32\NLAapi.dll
0x00007ff993c40000 - 0x00007ff993c52000 	C:\Windows\System32\winrnr.dll
0x00007ff9b8fd0000 - 0x00007ff9b8fe8000 	C:\Windows\SYSTEM32\CRYPTSP.dll
0x00007ff9b86a0000 - 0x00007ff9b86d4000 	C:\Windows\system32\rsaenh.dll
0x00007ff9b95f0000 - 0x00007ff9b961e000 	C:\Windows\SYSTEM32\USERENV.dll
0x00007ff9b8f00000 - 0x00007ff9b8f0c000 	C:\Windows\SYSTEM32\CRYPTBASE.dll
0x00007ff9b1cd0000 - 0x00007ff9b1ce7000 	C:\Windows\SYSTEM32\dhcpcsvc6.DLL
0x00007ff9b1cb0000 - 0x00007ff9b1ccd000 	C:\Windows\SYSTEM32\dhcpcsvc.DLL
0x00007ff991b30000 - 0x00007ff991b3d000 	C:\Program Files\Java\jdk-11.0.13\bin\sunmscapi.dll
0x00007ff9b9b30000 - 0x00007ff9b9c86000 	C:\Windows\System32\CRYPT32.dll
0x00007ff9b90e0000 - 0x00007ff9b9107000 	C:\Windows\SYSTEM32\ncrypt.dll
0x00007ff9b90a0000 - 0x00007ff9b90db000 	C:\Windows\SYSTEM32\NTASN1.dll
0x00007ff98ae40000 - 0x00007ff98ae65000 	C:\Program Files\Java\jdk-11.0.13\bin\sunec.dll

dbghelp: loaded successfully - version: 4.0.5 - missing functions: none
symbol engine: initialized successfully - sym options: 0x614 - pdb path: .;C:\Program Files\Java\jdk-11.0.13\bin;C:\Windows\SYSTEM32;C:\Windows\WinSxS\amd64_microsoft.windows.common-controls_6595b64144ccf1df_6.0.19041.1110_none_60b5254171f9507e;C:\Program Files\Java\jdk-11.0.13\bin\server

VM Arguments:
jvm_args: -agentlib:jdwp=transport=dt_socket,suspend=y,address=localhost:55788 -javaagent:D:\software\sts-4.13.0.RELEASE\configuration\org.eclipse.osgi\262\0\.cp\lib\javaagent-shaded.jar -Dfile.encoding=UTF-8 
java_command: com.yash.RestWithAngularCrudApplication
java_class_path (initial): C:\Users\akash.meshram\Documents\workspace-spring-tool-suite-4-4.13.0.RELEASE\RestWithAngularCrud\target\classes;C:\Users\akash.meshram\.m2\repository\org\springframework\boot\spring-boot-starter-data-jpa\2.6.4\spring-boot-starter-data-jpa-2.6.4.jar;C:\Users\akash.meshram\.m2\repository\org\springframework\boot\spring-boot-starter-aop\2.6.4\spring-boot-starter-aop-2.6.4.jar;C:\Users\akash.meshram\.m2\repository\org\springframework\spring-aop\5.3.16\spring-aop-5.3.16.jar;C:\Users\akash.meshram\.m2\repository\org\aspectj\aspectjweaver\1.9.7\aspectjweaver-1.9.7.jar;C:\Users\akash.meshram\.m2\repository\org\springframework\boot\spring-boot-starter-jdbc\2.6.4\spring-boot-starter-jdbc-2.6.4.jar;C:\Users\akash.meshram\.m2\repository\com\zaxxer\HikariCP\4.0.3\HikariCP-4.0.3.jar;C:\Users\akash.meshram\.m2\repository\org\springframework\spring-jdbc\5.3.16\spring-jdbc-5.3.16.jar;C:\Users\akash.meshram\.m2\repository\jakarta\transaction\jakarta.transaction-api\1.3.3\jakarta.transaction-api-1.3.3.jar;C:\Users\akash.meshram\.m2\repository\jakarta\persistence\jakarta.persistence-api\2.2.3\jakarta.persistence-api-2.2.3.jar;C:\Users\akash.meshram\.m2\repository\org\hibernate\hibernate-core\5.6.5.Final\hibernate-core-5.6.5.Final.jar;C:\Users\akash.meshram\.m2\repository\org\jboss\logging\jboss-logging\3.4.3.Final\jboss-logging-3.4.3.Final.jar;C:\Users\akash.meshram\.m2\repository\net\bytebuddy\byte-buddy\1.11.22\byte-buddy-1.11.22.jar;C:\Users\akash.meshram\.m2\repository\antlr\antlr\2.7.7\antlr-2.7.7.jar;C:\Users\akash.meshram\.m2\repository\org\jboss\jandex\2.4.2.Final\jandex-2.4.2.Final.jar;C:\Users\akash.meshram\.m2\repository\com\fasterxml\classmate\1.5.1\classmate-1.5.1.jar;C:\Users\akash.meshram\.m2\repository\org\hibernate\common\hibernate-commons-annotations\5.1.2.Final\hibernate-commons-annotations-5.1.2.Final.jar;C:\Users\akash.meshram\.m2\repository\org\glassfish\jaxb\jaxb-runtime\2.3.6\jaxb-runtime-2.3.6.jar;C:\Users\akash.meshram\.m2\reposit
Launcher Type: SUN_STANDARD

[Global flags]
     intx CICompilerCount                          = 4                                         {product} {ergonomic}
     uint ConcGCThreads                            = 2                                         {product} {ergonomic}
     uint G1ConcRefinementThreads                  = 8                                         {product} {ergonomic}
   size_t G1HeapRegionSize                         = 1048576                                   {product} {ergonomic}
    uintx GCDrainStackTargetSize                   = 64                                        {product} {ergonomic}
   size_t InitialHeapSize                          = 130023424                                 {product} {ergonomic}
   size_t MarkStackSize                            = 4194304                                   {product} {ergonomic}
   size_t MaxHeapSize                              = 2074083328                                {product} {ergonomic}
   size_t MaxNewSize                               = 1243611136                                {product} {ergonomic}
   size_t MinHeapDeltaBytes                        = 1048576                                   {product} {ergonomic}
    uintx NonNMethodCodeHeapSize                   = 5836300                                {pd product} {ergonomic}
    uintx NonProfiledCodeHeapSize                  = 122910970                              {pd product} {ergonomic}
    uintx ProfiledCodeHeapSize                     = 122910970                              {pd product} {ergonomic}
    uintx ReservedCodeCacheSize                    = 251658240                              {pd product} {ergonomic}
     bool SegmentedCodeCache                       = true                                      {product} {ergonomic}
     bool UseCompressedClassPointers               = true                                 {lp64_product} {ergonomic}
     bool UseCompressedOops                        = true                                 {lp64_product} {ergonomic}
     bool UseG1GC                                  = true                                      {product} {ergonomic}
     bool UseLargePagesIndividualAllocation        = false                                  {pd product} {ergonomic}

Logging:
Log output configuration:
 #0: stdout all=warning uptime,level,tags
 #1: stderr all=off uptime,level,tags

Environment Variables:
JAVA_HOME=C:\Program Files\Java\jdk1.8.0_202
PATH=D:/software/sts-4.13.0.RELEASE//plugins/org.eclipse.justj.openjdk.hotspot.jre.full.win32.x86_64_17.0.1.v20211116-1657/jre/bin/server;D:/software/sts-4.13.0.RELEASE//plugins/org.eclipse.justj.openjdk.hotspot.jre.full.win32.x86_64_17.0.1.v20211116-1657/jre/bin;C:\Program Files\Common Files\Oracle\Java\javapath;C:\Program Files (x86)\Common Files\Oracle\Java\javapath;C:\Windows\system32;C:\Windows;C:\Windows\System32\Wbem;C:\Windows\System32\WindowsPowerShell\v1.0\;C:\Windows\System32\OpenSSH\;C:\Program Files\nodejs\;C:\Users\akash.meshram\AppData\Local\Microsoft\WindowsApps;C:\Users\akash.meshram\AppData\Roaming\npm;C:\Users\akash.meshram\AppData\Local\Programs\Microsoft VS Code\bin;C:\Users\akash.meshram\AppData\Local\Programs\Git\cmd;D:\software\sts-4.13.0.RELEASE;
USERNAME=akash.meshram
OS=Windows_NT
PROCESSOR_IDENTIFIER=Intel64 Family 6 Model 140 Stepping 1, GenuineIntel



---------------  S Y S T E M  ---------------

OS: Windows 10 , 64 bit Build 19041 (10.0.19041.1806)
Hyper-V role detected

CPU:total 8 (initial active 8) (4 cores per cpu, 2 threads per core) family 6 model 140 stepping 1 microcode 0x9a, cmov, cx8, fxsr, mmx, sse, sse2, sse3, ssse3, sse4.1, sse4.2, popcnt, avx, avx2, aes, clmul, erms, 3dnowpref, lzcnt, ht, tsc, tscinvbit, bmi1, bmi2, adx, evex, sha, fma

Memory: 4k page, system-wide physical 7911M (268M free)
TotalPageFile size 32487M (AvailPageFile size 0M)
current process WorkingSet (physical memory assigned to process): 79M, peak: 470M
current process commit charge ("private bytes"): 369M, peak: 540M

vm_info: Java HotSpot(TM) 64-Bit Server VM (11.0.13+10-LTS-370) for windows-amd64 JRE (11.0.13+10-LTS-370), built on Sep 15 2021 22:10:36 by "mach5one" with MS VC++ 15.9 (VS2017)

END.
